Removed Pin From Net: NetName=GND Pin=C7-1
Removed Pin From Net: NetName=3.3V Pin=C7-2
Removed Pin From Net: NetName=GND Pin=C8-1
Removed Pin From Net: NetName=3.3V Pin=C8-2
Removed Pin From Net: NetName=PGND Pin=RED2-2
Removed Pin From Net: NetName=GND Pin=U5-1
Removed Pin From Net: NetName=3.3V Pin=U5-16
Removed Pin From Net: NetName=NetC15_2 Pin=VT1-3
Removed Pin From Net: NetName=NetK2_3 Pin=VT2-3
Removed Member From Class: ClassName=heading_table Member=C7
Removed Member From Class: ClassName=heading_table Member=C8
Removed Member From Class: ClassName=heading_table Member=R12
Removed Member From Class: ClassName=heading_table Member=R13
Removed Member From Class: ClassName=heading_table Member=R14
Removed Member From Class: ClassName=heading_table Member=R25
Removed Member From Class: ClassName=heading_table Member=R26
Removed Member From Class: ClassName=heading_table Member=RED2
Removed Member From Class: ClassName=heading_table Member=U5
Removed Member From Class: ClassName=heading_table Member=VT1
Removed Member From Class: ClassName=heading_table Member=VT2
Change component parameters: Designator = "RED1"; Footprint = "LED0603_RED"; UniqueID = "\JUYYYPAS"
Change component parameters. Clean all parameters for all variants
Change component parameters (AddParameter): Name = "BOM_Manufacturer"; Value = "EVERLIGHT(台湾亿光)"; VariantName = "[No Variations]"
Change component parameters (AddParameter): Name = "BOM_Manufacturer Part"; Value = "19-217/R6C-AL1M2VY/3T"; VariantName = "[No Variations]"
Change component parameters (AddParameter): Name = "BOM_Supplier"; Value = "LCSC"; VariantName = "[No Variations]"
Change component parameters (AddParameter): Name = "BOM_Supplier Part"; Value = "C72044"; VariantName = "[No Variations]"
Change component parameters (AddParameter): Name = "Contributor"; Value = "LCEDA_01"; VariantName = "[No Variations]"
Change component parameters (AddParameter): Name = "link"; Value = ""; VariantName = "[No Variations]"
Change component parameters (AddParameter): Name = "spicePre"; Value = "L"; VariantName = "[No Variations]"
Change component parameters (AddParameter): Name = "spiceSymbolName"; Value = "LED-0603_R"; VariantName = "[No Variations]"
Change component parameters: Designator = "U3"; Footprint = "HDR-TH_4P-P2.54-V-M"; UniqueID = "\BJFYWUSF"
Change component parameters. Clean all parameters for all variants
Change component parameters (AddParameter): Name = "BOM_Manufacturer"; Value = "kinghelm(金航标)"; VariantName = "[No Variations]"
Change component parameters (AddParameter): Name = "BOM_Manufacturer Part"; Value = "KH-2.54PH180-1X4P-L11.5"; VariantName = "[No Variations]"
Change component parameters (AddParameter): Name = "BOM_Supplier"; Value = "LCSC"; VariantName = "[No Variations]"
Change component parameters (AddParameter): Name = "BOM_Supplier Part"; Value = "C2905435"; VariantName = "[No Variations]"
Change component parameters (AddParameter): Name = "Contributor"; Value = "LCSC"; VariantName = "[No Variations]"
Change component parameters (AddParameter): Name = "spicePre"; Value = "H"; VariantName = "[No Variations]"
Change component parameters (AddParameter): Name = "spiceSymbolName"; Value = "KH-2.54PH180-1X4P-L11.5"; VariantName = "[No Variations]"
Change component parameters: Designator = "U7"; Footprint = "ESSOP10-EP"; UniqueID = "\RDEBGMIQ"
Change component parameters. Clean all parameters for all variants
Change component parameters (AddParameter): Name = "BOM_Manufacturer"; Value = "南京沁恒微电子"; VariantName = "[No Variations]"
Change component parameters (AddParameter): Name = "BOM_Manufacturer Part"; Value = ""; VariantName = "[No Variations]"
Change component parameters (AddParameter): Name = "BOM_Supplier"; Value = ""; VariantName = "[No Variations]"
Change component parameters (AddParameter): Name = "BOM_Supplier Part"; Value = ""; VariantName = "[No Variations]"
Change component parameters (AddParameter): Name = "Contributor"; Value = "hans_1024"; VariantName = "[No Variations]"
Change component parameters (AddParameter): Name = "link"; Value = ""; VariantName = "[No Variations]"
Change component parameters (AddParameter): Name = "spicePre"; Value = "U"; VariantName = "[No Variations]"
Change component parameters (AddParameter): Name = "spiceSymbolName"; Value = "CH224K"; VariantName = "[No Variations]"
Added Component: Designator=J1(test_point)
Add component. Clean all parameters for all variants
Add component (AddParameter): Name = "PCB DECAL"; Value = "1_DIP"; VariantName = "[No Variations]"
Added Component: Designator=J2(test_point)
Add component. Clean all parameters for all variants
Add component (AddParameter): Name = "PCB DECAL"; Value = "1_DIP"; VariantName = "[No Variations]"
Added Component: Designator=J3(test_point)
Add component. Clean all parameters for all variants
Add component (AddParameter): Name = "PCB DECAL"; Value = "1_DIP"; VariantName = "[No Variations]"
Added Component: Designator=J4(test_point)
Add component. Clean all parameters for all variants
Add component (AddParameter): Name = "PCB DECAL"; Value = "1_DIP"; VariantName = "[No Variations]"
Added Component: Designator=J5(test_point)
Add component. Clean all parameters for all variants
Add component (AddParameter): Name = "PCB DECAL"; Value = "1_DIP"; VariantName = "[No Variations]"
Added Component: Designator=J6(test_point)
Add component. Clean all parameters for all variants
Add component (AddParameter): Name = "PCB DECAL"; Value = "1_DIP"; VariantName = "[No Variations]"
Added Component: Designator=J7(test_point)
Add component. Clean all parameters for all variants
Add component (AddParameter): Name = "PCB DECAL"; Value = "1_DIP"; VariantName = "[No Variations]"
Added Component: Designator=J8(test_point)
Add component. Clean all parameters for all variants
Add component (AddParameter): Name = "PCB DECAL"; Value = "1_DIP"; VariantName = "[No Variations]"
Added Component: Designator=J9(test_point)
Add component. Clean all parameters for all variants
Add component (AddParameter): Name = "PCB DECAL"; Value = "1_DIP"; VariantName = "[No Variations]"
Added Component: Designator=J10(test_point)
Add component. Clean all parameters for all variants
Add component (AddParameter): Name = "PCB DECAL"; Value = "1_DIP"; VariantName = "[No Variations]"
Added Component: Designator=J11(test_point)
Add component. Clean all parameters for all variants
Add component (AddParameter): Name = "PCB DECAL"; Value = "1_DIP"; VariantName = "[No Variations]"
Added Component: Designator=P1(2.54-1*4P_TIGHT_JX)
Add component. Clean all parameters for all variants
Add component (AddParameter): Name = "BOM_Manufacturer Part"; Value = ""; VariantName = "[No Variations]"
Add component (AddParameter): Name = "BOM_Supplier"; Value = "LCSC"; VariantName = "[No Variations]"
Add component (AddParameter): Name = "BOM_Supplier Part"; Value = "C115245"; VariantName = "[No Variations]"
Add component (AddParameter): Name = "spicePre"; Value = "P"; VariantName = "[No Variations]"
Add component (AddParameter): Name = "spiceSymbolName"; Value = "2.54-1*4P_JX"; VariantName = "[No Variations]"
Added Pin To Net: NetName=3.3V Pin=P1-1
Added Pin To Net: NetName=GND Pin=P1-4
Added Pin To Net: NetName=NetU1_5 Pin=U2-13
Added Pin To Net: NetName=NetP1_2 Pin=P1-2
Added Pin To Net: NetName=NetP1_2 Pin=U2-35
Added Net: Name=NetP1_2
Added Pin To Net: NetName=NetP1_3 Pin=P1-3
Added Pin To Net: NetName=NetP1_3 Pin=U2-34
Added Net: Name=NetP1_3
Added Pin To Net: NetName=NetUSBC1_A6 Pin=USBC1-A6
Added Pin To Net: NetName=NetUSBC1_A6 Pin=USBC1-B6
Added Net: Name=NetUSBC1_A6
Added Pin To Net: NetName=NetUSBC1_A7 Pin=USBC1-A7
Added Pin To Net: NetName=NetUSBC1_A7 Pin=USBC1-B7
Added Net: Name=NetUSBC1_A7
Added Member To Class: ClassName=heading_table Member=Component J1 1_DIP
Added Member To Class: ClassName=heading_table Member=Component J2 1_DIP
Added Member To Class: ClassName=heading_table Member=Component J3 1_DIP
Added Member To Class: ClassName=heading_table Member=Component J4 1_DIP
Added Member To Class: ClassName=heading_table Member=Component J5 1_DIP
Added Member To Class: ClassName=heading_table Member=Component J6 1_DIP
Added Member To Class: ClassName=heading_table Member=Component J7 1_DIP
Added Member To Class: ClassName=heading_table Member=Component J8 1_DIP
Added Member To Class: ClassName=heading_table Member=Component J9 1_DIP
Added Member To Class: ClassName=heading_table Member=Component J10 1_DIP
Added Member To Class: ClassName=heading_table Member=Component J11 1_DIP
Added Member To Class: ClassName=heading_table Member=Component P1 2.54-1*4P_JX
Added Room: Name=heading_table
