Removed Pin From Net: NetName=GND Pin=C1-2
Removed Pin From Net: NetName=3.3V Pin=C2-2
Removed Pin From Net: NetName=GND Pin=C3-2
Removed Pin From Net: NetName=GND Pin=C4-1
Removed Pin From Net: NetName=3.3V Pin=C5-2
Removed Pin From Net: NetName=3.3V Pin=C6-1
Removed Pin From Net: NetName=3.3V Pin=C13-1
Removed Pin From Net: NetName=GND Pin=C15-1
Removed Pin From Net: NetName=VBUS1 Pin=C16-1
Removed Pin From Net: NetName=GND Pin=C16-2
Removed Pin From Net: NetName=3.3V Pin=D2-A
Removed Pin From Net: NetName=GND Pin=P1-4
Removed Pin From Net: NetName=GND Pin=R10-2
Removed Pin From Net: NetName=GND Pin=R23-1
Removed Pin From Net: NetName=GND Pin=R24-1
Removed Pin From Net: NetName=GND Pin=R28-2
Removed Pin From Net: NetName=GND Pin=SW1-2
Removed Pin From Net: NetName=GND Pin=SW1-4
Removed Pin From Net: NetName=3.3V Pin=U1-12
Removed Pin From Net: NetName=3.3V Pin=U2-2
Removed Pin From Net: NetName=NetQ2_1 Pin=U2-28
Removed Pin From Net: NetName=GND Pin=U4-1
Removed Pin From Net: NetName=3.3V Pin=U4-4
Removed Pin From Net: NetName=3.3V Pin=U7-1
Removed Pin From Net: NetName=GND Pin=USBC1-0
Removed Pin From Net: NetName=GND Pin=USBC1-0
Removed Pin From Net: NetName=GND Pin=USBC1-0
Removed Pin From Net: NetName=GND Pin=USBC1-0
Removed Pin From Net: NetName=GND Pin=USBC1-A1
Removed Pin From Net: NetName=VBUS1 Pin=USBC1-A4
Removed Pin From Net: NetName=VBUS1 Pin=USBC1-A9
Removed Pin From Net: NetName=GND Pin=USBC1-A12
Removed Pin From Net: NetName=GND Pin=USBC1-B1
Removed Pin From Net: NetName=VBUS1 Pin=USBC1-B4
Removed Pin From Net: NetName=VBUS1 Pin=USBC1-B9
Removed Pin From Net: NetName=GND Pin=USBC1-B12
Removed Member From Class: ClassName=heading_table Member=D2
Removed Member From Class: ClassName=heading_table Member=R29
Removed Member From Class: ClassName=heading_table Member=USBC1
Change Component Footprint: Designator=C16 Old Footprint=CAP-TH_BD10.0-P5.00-D1.0-FD New Footprint=C0805
Change Component Footprint: Designator=R10 Old Footprint=R_0603 New Footprint=R0805
Change Component Footprint: Designator=R19 Old Footprint=R_0603 New Footprint=R0805
Change Component Comment : Designator=C9 Old Comment=1UF New Comment=1UF/0805
Change Component Comment : Designator=C13 Old Comment=1uF New Comment=1uF/0805
Change Component Comment : Designator=C12 Old Comment=10UF New Comment=10uf/50V/0805
Change Component Comment : Designator=C1 Old Comment=100nf New Comment=100nf/16V/0603
Change Component Comment : Designator=C2 Old Comment=100nf New Comment=100nf/16V/0603
Change Component Comment : Designator=C3 Old Comment=100nf New Comment=100nf/16V/0603
Change Component Comment : Designator=C4 Old Comment=100nf New Comment=100nf/16V/0603
Change Component Comment : Designator=C5 Old Comment=100NF New Comment=100nf/16V/0603
Change Component Comment : Designator=C6 Old Comment=100nf New Comment=100nf/16V/0603
Change Component Comment : Designator=C10 Old Comment=100UF New Comment=100uf/16V/0603
Change Component Comment : Designator=C16 Old Comment=CAP+_47UF_FIRE New Comment=C0805
Change Component Comment : Designator=R21 Old Comment=R0402 New Comment=4.7K/0402
Change Component Comment : Designator=R22 Old Comment=R0402 New Comment=4.7K/0402
Change Component Comment : Designator=R23 Old Comment=R0402 New Comment=4.7K/0402
Change Component Comment : Designator=R24 Old Comment=R0402 New Comment=4.7K/0402
Change Component Designator: OldDesignator=C1 NewDesignator=C3
Change Component Designator: OldDesignator=C3 NewDesignator=C4
Change Component Designator: OldDesignator=C4 NewDesignator=C5
Change Component Designator: OldDesignator=C5 NewDesignator=C1
Change Component Designator: OldDesignator=C6 NewDesignator=C7
Change Component Designator: OldDesignator=C9 NewDesignator=C10
Change Component Designator: OldDesignator=C10 NewDesignator=C11
Change Component Designator: OldDesignator=C11 NewDesignator=C12
Change Component Designator: OldDesignator=C12 NewDesignator=C14
Change Component Designator: OldDesignator=C13 NewDesignator=C9
Change Component Designator: OldDesignator=C14 NewDesignator=C13
Change Component Designator: OldDesignator=C15 NewDesignator=C6
Change Component Designator: OldDesignator=L1 NewDesignator=L5
Change Component Designator: OldDesignator=Q3 NewDesignator=Q4
Change Component Designator: OldDesignator=Q4 NewDesignator=Q5
Change Component Designator: OldDesignator=Q5 NewDesignator=Q3
Change Component Designator: OldDesignator=R1 NewDesignator=R7
Change Component Designator: OldDesignator=R2 NewDesignator=R8
Change Component Designator: OldDesignator=R3 NewDesignator=R9
Change Component Designator: OldDesignator=R4 NewDesignator=R15
Change Component Designator: OldDesignator=R5 NewDesignator=R16
Change Component Designator: OldDesignator=R6 NewDesignator=R18
Change Component Designator: OldDesignator=R7 NewDesignator=R19
Change Component Designator: OldDesignator=R8 NewDesignator=R17
Change Component Designator: OldDesignator=R9 NewDesignator=R5
Change Component Designator: OldDesignator=R10 NewDesignator=R25
Change Component Designator: OldDesignator=R11 NewDesignator=R14
Change Component Designator: OldDesignator=R15 NewDesignator=R26
Change Component Designator: OldDesignator=R16 NewDesignator=R22
Change Component Designator: OldDesignator=R17 NewDesignator=R23
Change Component Designator: OldDesignator=R18 NewDesignator=R24
Change Component Designator: OldDesignator=R19 NewDesignator=R21
Change Component Designator: OldDesignator=R20 NewDesignator=R3
Change Component Designator: OldDesignator=R21 NewDesignator=R1
Change Component Designator: OldDesignator=R22 NewDesignator=R2
Change Component Designator: OldDesignator=R23 NewDesignator=R4
Change Component Designator: OldDesignator=R24 NewDesignator=R6
Change Component Designator: OldDesignator=R27 NewDesignator=R13
Change Component Designator: OldDesignator=R28 NewDesignator=R27
Change Component Designator: OldDesignator=R29 NewDesignator=R11
Change Component Designator: OldDesignator=U1 NewDesignator=U2
Change Component Designator: OldDesignator=U2 NewDesignator=U3
Change Component Designator: OldDesignator=U3 NewDesignator=U1
Change Component Designator: OldDesignator=U7 NewDesignator=U5
Change component parameters: Designator = "RED1"; Footprint = "LED0603_RED"; UniqueID = "\JUYYYPAS"
Change component parameters. Clean all parameters for all variants
Change component parameters (AddParameter): Name = "BOM_Manufacturer"; Value = "EVERLIGHT(台湾亿光)"; VariantName = "[No Variations]"
Change component parameters (AddParameter): Name = "BOM_Manufacturer Part"; Value = "19-217/R6C-AL1M2VY/3T"; VariantName = "[No Variations]"
Change component parameters (AddParameter): Name = "BOM_Supplier"; Value = "LCSC"; VariantName = "[No Variations]"
Change component parameters (AddParameter): Name = "BOM_Supplier Part"; Value = "C72044"; VariantName = "[No Variations]"
Change component parameters (AddParameter): Name = "Contributor"; Value = "LCEDA_01"; VariantName = "[No Variations]"
Change component parameters (AddParameter): Name = "link"; Value = ""; VariantName = "[No Variations]"
Change component parameters (AddParameter): Name = "spicePre"; Value = "L"; VariantName = "[No Variations]"
Change component parameters (AddParameter): Name = "spiceSymbolName"; Value = "LED-0603_R"; VariantName = "[No Variations]"
Change component parameters: Designator = "U1"; Footprint = "HDR-TH_4P-P2.54-V-M"; UniqueID = "\BJFYWUSF"
Change component parameters. Clean all parameters for all variants
Change component parameters (AddParameter): Name = "BOM_Manufacturer"; Value = "kinghelm(金航标)"; VariantName = "[No Variations]"
Change component parameters (AddParameter): Name = "BOM_Manufacturer Part"; Value = "KH-2.54PH180-1X4P-L11.5"; VariantName = "[No Variations]"
Change component parameters (AddParameter): Name = "BOM_Supplier"; Value = "LCSC"; VariantName = "[No Variations]"
Change component parameters (AddParameter): Name = "BOM_Supplier Part"; Value = "C2905435"; VariantName = "[No Variations]"
Change component parameters (AddParameter): Name = "Contributor"; Value = "LCSC"; VariantName = "[No Variations]"
Change component parameters (AddParameter): Name = "spicePre"; Value = "H"; VariantName = "[No Variations]"
Change component parameters (AddParameter): Name = "spiceSymbolName"; Value = "KH-2.54PH180-1X4P-L11.5"; VariantName = "[No Variations]"
Change component parameters: Designator = "U5"; Footprint = "ESSOP10-EP"; UniqueID = "\RDEBGMIQ"
Change component parameters. Clean all parameters for all variants
Change component parameters (AddParameter): Name = "BOM_Manufacturer"; Value = "南京沁恒微电子"; VariantName = "[No Variations]"
Change component parameters (AddParameter): Name = "BOM_Manufacturer Part"; Value = ""; VariantName = "[No Variations]"
Change component parameters (AddParameter): Name = "BOM_Supplier"; Value = ""; VariantName = "[No Variations]"
Change component parameters (AddParameter): Name = "BOM_Supplier Part"; Value = ""; VariantName = "[No Variations]"
Change component parameters (AddParameter): Name = "Contributor"; Value = "hans_1024"; VariantName = "[No Variations]"
Change component parameters (AddParameter): Name = "link"; Value = ""; VariantName = "[No Variations]"
Change component parameters (AddParameter): Name = "spicePre"; Value = "U"; VariantName = "[No Variations]"
Change component parameters (AddParameter): Name = "spiceSymbolName"; Value = "CH224K"; VariantName = "[No Variations]"
Change component parameters: Designator = "C6"; Footprint = "C0402"; UniqueID = "\OPYIEVMU"
Change component parameters. Clean all parameters for all variants
Change component parameters (AddParameter): Name = "Assembly"; Value = ""; VariantName = "[No Variations]"
Change component parameters (AddParameter): Name = "Cost"; Value = ""; VariantName = "[No Variations]"
Change component parameters (AddParameter): Name = "Geometry.Height"; Value = ""; VariantName = "[No Variations]"
Change component parameters (AddParameter): Name = "Manufacture 1"; Value = ""; VariantName = "[No Variations]"
Change component parameters (AddParameter): Name = "Manufacture 1 P/N"; Value = ""; VariantName = "[No Variations]"
Change component parameters (AddParameter): Name = "Package"; Value = ""; VariantName = "[No Variations]"
Change component parameters (AddParameter): Name = "PCB DECAL"; Value = "CAP_0603_FIRE"; VariantName = "[No Variations]"
Change component parameters (AddParameter): Name = "Serial Number"; Value = ""; VariantName = "[No Variations]"
Change component parameters (AddParameter): Name = "Tolerance"; Value = ""; VariantName = "[No Variations]"
Change component parameters (AddParameter): Name = "Value"; Value = "100nf/16V/0603"; VariantName = "[No Variations]"
Change component parameters: Designator = "R7"; Footprint = "R_0603"; UniqueID = "\TAWCFKWL"
Change component parameters. Clean all parameters for all variants
Change component parameters (AddParameter): Name = "PCB DECAL"; Value = "R_0603"; VariantName = "[No Variations]"
Change component parameters (AddParameter): Name = "Value"; Value = "3K/0603"; VariantName = "[No Variations]"
Change component parameters: Designator = "R8"; Footprint = "R_0603"; UniqueID = "\QHDPTURA"
Change component parameters. Clean all parameters for all variants
Change component parameters (AddParameter): Name = "PCB DECAL"; Value = "R_0603"; VariantName = "[No Variations]"
Change component parameters (AddParameter): Name = "Value"; Value = "100R/0603"; VariantName = "[No Variations]"
Change component parameters: Designator = "R9"; Footprint = "R_0603"; UniqueID = "\BZZYFOEB"
Change component parameters. Clean all parameters for all variants
Change component parameters (AddParameter): Name = "PCB DECAL"; Value = "R_0603"; VariantName = "[No Variations]"
Change component parameters (AddParameter): Name = "Value"; Value = "100K/0603"; VariantName = "[No Variations]"
Change component parameters: Designator = "R15"; Footprint = "R_0603"; UniqueID = "\UALWVHXW"
Change component parameters. Clean all parameters for all variants
Change component parameters (AddParameter): Name = "PCB DECAL"; Value = "R_0603"; VariantName = "[No Variations]"
Change component parameters (AddParameter): Name = "Value"; Value = "100K/0603"; VariantName = "[No Variations]"
Change component parameters: Designator = "R16"; Footprint = "R_0603"; UniqueID = "\ZJAYLWKQ"
Change component parameters. Clean all parameters for all variants
Change component parameters (AddParameter): Name = "PCB DECAL"; Value = "R_0603"; VariantName = "[No Variations]"
Change component parameters (AddParameter): Name = "Value"; Value = "10K/0603"; VariantName = "[No Variations]"
Change component parameters: Designator = "R17"; Footprint = "R_0603"; UniqueID = "\CMPSYXZJ"
Change component parameters. Clean all parameters for all variants
Change component parameters (AddParameter): Name = "PCB DECAL"; Value = "R_0603"; VariantName = "[No Variations]"
Change component parameters (AddParameter): Name = "Value"; Value = "10K/0603/NC"; VariantName = "[No Variations]"
Change component parameters: Designator = "R25"; Footprint = "R0805"; UniqueID = "\YXOSKDYF"
Change component parameters. Clean all parameters for all variants
Change component parameters (AddParameter): Name = "PCB DECAL"; Value = "R_0603"; VariantName = "[No Variations]"
Change component parameters (AddParameter): Name = "Value"; Value = "500R/0805"; VariantName = "[No Variations]"
Change component parameters: Designator = "R14"; Footprint = "R_0603"; UniqueID = "\YNUEARKF"
Change component parameters. Clean all parameters for all variants
Change component parameters (AddParameter): Name = "PCB DECAL"; Value = "R_0603"; VariantName = "[No Variations]"
Change component parameters (AddParameter): Name = "Value"; Value = "10K/0603"; VariantName = "[No Variations]"
Change component parameters: Designator = "R26"; Footprint = "R_0603"; UniqueID = "\VNXMJBDD"
Change component parameters. Clean all parameters for all variants
Change component parameters (AddParameter): Name = "PCB DECAL"; Value = "R_0603"; VariantName = "[No Variations]"
Change component parameters (AddParameter): Name = "Value"; Value = "120R/0603"; VariantName = "[No Variations]"
Change component parameters: Designator = "R22"; Footprint = "R_0603"; UniqueID = "\VVLFHXAP"
Change component parameters. Clean all parameters for all variants
Change component parameters (AddParameter): Name = "PCB DECAL"; Value = "R_0603"; VariantName = "[No Variations]"
Change component parameters (AddParameter): Name = "Value"; Value = "3.3K/0603"; VariantName = "[No Variations]"
Change component parameters: Designator = "R23"; Footprint = "R_0603"; UniqueID = "\SVYAZOKQ"
Change component parameters. Clean all parameters for all variants
Change component parameters (AddParameter): Name = "PCB DECAL"; Value = "R_0603"; VariantName = "[No Variations]"
Change component parameters (AddParameter): Name = "Value"; Value = "1M/0805"; VariantName = "[No Variations]"
Change component parameters: Designator = "R24"; Footprint = "R_0603"; UniqueID = "\DPVORHYR"
Change component parameters. Clean all parameters for all variants
Change component parameters (AddParameter): Name = "PCB DECAL"; Value = "R_0603"; VariantName = "[No Variations]"
Change component parameters (AddParameter): Name = "Value"; Value = "1K/0603"; VariantName = "[No Variations]"
Change component parameters: Designator = "R21"; Footprint = "R0805"; UniqueID = "\TZOCJOWF"
Change component parameters. Clean all parameters for all variants
Change component parameters (AddParameter): Name = "PCB DECAL"; Value = "R_0603"; VariantName = "[No Variations]"
Change component parameters (AddParameter): Name = "Value"; Value = "1K/0805"; VariantName = "[No Variations]"
Change component parameters: Designator = "R27"; Footprint = "R0805"; UniqueID = "\JAGGKCJE"
Change component parameters. Clean all parameters for all variants
Change component parameters (AddParameter): Name = "PCB DECAL"; Value = "R_0603"; VariantName = "[No Variations]"
Change component parameters (AddParameter): Name = "Value"; Value = "1K/0805"; VariantName = "[No Variations]"
Change component parameters: Designator = "R11"; Footprint = "R_0603"; UniqueID = "\LQAAWESP"
Change component parameters. Clean all parameters for all variants
Change component parameters (AddParameter): Name = "PCB DECAL"; Value = "R_0603"; VariantName = "[No Variations]"
Change component parameters (AddParameter): Name = "Value"; Value = "0R/0603/NC"; VariantName = "[No Variations]"
Change component parameters: Designator = "C16"; Footprint = "C0805"; UniqueID = "\IILESPEC"
Change component parameters. Clean all parameters for all variants
Added Component: Designator=C8(CAP-TH_BD10.0-P5.00-D1.0-FD)
Add component. Clean all parameters for all variants
Add component (AddParameter): Name = "Assembly"; Value = ""; VariantName = "[No Variations]"
Add component (AddParameter): Name = "Cost"; Value = ""; VariantName = "[No Variations]"
Add component (AddParameter): Name = "Geometry.Height"; Value = ""; VariantName = "[No Variations]"
Add component (AddParameter): Name = "Manufacture 1"; Value = ""; VariantName = "[No Variations]"
Add component (AddParameter): Name = "Manufacture 1 P/N"; Value = ""; VariantName = "[No Variations]"
Add component (AddParameter): Name = "Package"; Value = ""; VariantName = "[No Variations]"
Add component (AddParameter): Name = "PCB DECAL"; Value = "CAP+_47UF_FIRE"; VariantName = "[No Variations]"
Add component (AddParameter): Name = "Serial Number"; Value = ""; VariantName = "[No Variations]"
Add component (AddParameter): Name = "Tolerance"; Value = ""; VariantName = "[No Variations]"
Added Component: Designator=C15(C0805)
Add component. Clean all parameters for all variants
Added Component: Designator=J1(test_point)
Add component. Clean all parameters for all variants
Add component (AddParameter): Name = "PCB DECAL"; Value = "1_DIP"; VariantName = "[No Variations]"
Added Component: Designator=J2(test_point)
Add component. Clean all parameters for all variants
Add component (AddParameter): Name = "PCB DECAL"; Value = "1_DIP"; VariantName = "[No Variations]"
Added Component: Designator=J3(test_point)
Add component. Clean all parameters for all variants
Add component (AddParameter): Name = "PCB DECAL"; Value = "1_DIP"; VariantName = "[No Variations]"
Added Component: Designator=J4(test_point)
Add component. Clean all parameters for all variants
Add component (AddParameter): Name = "PCB DECAL"; Value = "1_DIP"; VariantName = "[No Variations]"
Added Component: Designator=J5(test_point)
Add component. Clean all parameters for all variants
Add component (AddParameter): Name = "PCB DECAL"; Value = "1_DIP"; VariantName = "[No Variations]"
Added Component: Designator=J6(test_point)
Add component. Clean all parameters for all variants
Add component (AddParameter): Name = "PCB DECAL"; Value = "1_DIP"; VariantName = "[No Variations]"
Added Component: Designator=J7(test_point)
Add component. Clean all parameters for all variants
Add component (AddParameter): Name = "PCB DECAL"; Value = "1_DIP"; VariantName = "[No Variations]"
Added Component: Designator=J8(test_point)
Add component. Clean all parameters for all variants
Add component (AddParameter): Name = "PCB DECAL"; Value = "1_DIP"; VariantName = "[No Variations]"
Added Component: Designator=J9(test_point)
Add component. Clean all parameters for all variants
Add component (AddParameter): Name = "PCB DECAL"; Value = "1_DIP"; VariantName = "[No Variations]"
Added Component: Designator=J10(test_point)
Add component. Clean all parameters for all variants
Add component (AddParameter): Name = "PCB DECAL"; Value = "1_DIP"; VariantName = "[No Variations]"
Added Component: Designator=J11(test_point)
Add component. Clean all parameters for all variants
Add component (AddParameter): Name = "PCB DECAL"; Value = "1_DIP"; VariantName = "[No Variations]"
Added Component: Designator=J12(test_point)
Add component. Clean all parameters for all variants
Add component (AddParameter): Name = "PCB DECAL"; Value = "1_DIP"; VariantName = "[No Variations]"
Added Component: Designator=J13(test_point)
Add component. Clean all parameters for all variants
Add component (AddParameter): Name = "PCB DECAL"; Value = "1_DIP"; VariantName = "[No Variations]"
Added Component: Designator=L1(L0603)
Add component. Clean all parameters for all variants
Add component (AddParameter): Name = "Manufacturer #1"; Value = ""; VariantName = "[No Variations]"
Add component (AddParameter): Name = "Manufacturer #1 PN"; Value = "BEAD"; VariantName = "[No Variations]"
Add component (AddParameter): Name = "PCB DECAL"; Value = "L0603"; VariantName = "[No Variations]"
Add component (AddParameter): Name = "Tolerance"; Value = ""; VariantName = "[No Variations]"
Add component (AddParameter): Name = "Value"; Value = "120R/0603"; VariantName = "[No Variations]"
Added Component: Designator=L2(L0603)
Add component. Clean all parameters for all variants
Add component (AddParameter): Name = "Manufacturer #1"; Value = ""; VariantName = "[No Variations]"
Add component (AddParameter): Name = "Manufacturer #1 PN"; Value = "BEAD"; VariantName = "[No Variations]"
Add component (AddParameter): Name = "PCB DECAL"; Value = "L0603"; VariantName = "[No Variations]"
Add component (AddParameter): Name = "Tolerance"; Value = ""; VariantName = "[No Variations]"
Add component (AddParameter): Name = "Value"; Value = "120R/0603"; VariantName = "[No Variations]"
Added Component: Designator=L3(L0603)
Add component. Clean all parameters for all variants
Add component (AddParameter): Name = "Manufacturer #1"; Value = ""; VariantName = "[No Variations]"
Add component (AddParameter): Name = "Manufacturer #1 PN"; Value = "BEAD"; VariantName = "[No Variations]"
Add component (AddParameter): Name = "PCB DECAL"; Value = "L0603"; VariantName = "[No Variations]"
Add component (AddParameter): Name = "Tolerance"; Value = ""; VariantName = "[No Variations]"
Add component (AddParameter): Name = "Value"; Value = "120R/0603"; VariantName = "[No Variations]"
Added Component: Designator=L4(L0603)
Add component. Clean all parameters for all variants
Add component (AddParameter): Name = "Manufacturer #1"; Value = ""; VariantName = "[No Variations]"
Add component (AddParameter): Name = "Manufacturer #1 PN"; Value = "BEAD"; VariantName = "[No Variations]"
Add component (AddParameter): Name = "PCB DECAL"; Value = "L0603"; VariantName = "[No Variations]"
Add component (AddParameter): Name = "Tolerance"; Value = ""; VariantName = "[No Variations]"
Add component (AddParameter): Name = "Value"; Value = "120R/0603"; VariantName = "[No Variations]"
Added Component: Designator=R10(R_0603)
Add component. Clean all parameters for all variants
Add component (AddParameter): Name = "PCB DECAL"; Value = "R_0603"; VariantName = "[No Variations]"
Add component (AddParameter): Name = "Value"; Value = "1K/0603"; VariantName = "[No Variations]"
Added Component: Designator=R12(R_0603)
Add component. Clean all parameters for all variants
Add component (AddParameter): Name = "PCB DECAL"; Value = "R_0603"; VariantName = "[No Variations]"
Add component (AddParameter): Name = "Value"; Value = "0R/0603"; VariantName = "[No Variations]"
Added Component: Designator=R20(R0805)
Add component. Clean all parameters for all variants
Add component (AddParameter): Name = "PCB DECAL"; Value = "R_0603"; VariantName = "[No Variations]"
Add component (AddParameter): Name = "Value"; Value = "0805/NC"; VariantName = "[No Variations]"
Added Component: Designator=RED2(LED0603_RED)
Add component. Clean all parameters for all variants
Add component (AddParameter): Name = "BOM_Manufacturer"; Value = "EVERLIGHT(台湾亿光)"; VariantName = "[No Variations]"
Add component (AddParameter): Name = "BOM_Manufacturer Part"; Value = "19-217/R6C-AL1M2VY/3T"; VariantName = "[No Variations]"
Add component (AddParameter): Name = "BOM_Supplier"; Value = "LCSC"; VariantName = "[No Variations]"
Add component (AddParameter): Name = "BOM_Supplier Part"; Value = "C72044"; VariantName = "[No Variations]"
Add component (AddParameter): Name = "Contributor"; Value = "LCEDA_01"; VariantName = "[No Variations]"
Add component (AddParameter): Name = "link"; Value = ""; VariantName = "[No Variations]"
Add component (AddParameter): Name = "spicePre"; Value = "L"; VariantName = "[No Variations]"
Add component (AddParameter): Name = "spiceSymbolName"; Value = "LED-0603_R"; VariantName = "[No Variations]"
Added Component: Designator=USB1(TYPE-C-SMD_TYPE-C-31-M-16)
Add component. Clean all parameters for all variants
Add component (AddParameter): Name = "BOM_JLCPCB Part Class"; Value = "Extended Part"; VariantName = "[No Variations]"
Add component (AddParameter): Name = "BOM_Manufacturer"; Value = "Korean Hroparts Elec"; VariantName = "[No Variations]"
Add component (AddParameter): Name = "BOM_Manufacturer Part"; Value = "TYPE-C-31-M-16"; VariantName = "[No Variations]"
Add component (AddParameter): Name = "BOM_Supplier"; Value = "LCSC"; VariantName = "[No Variations]"
Add component (AddParameter): Name = "BOM_Supplier Part"; Value = "C283541"; VariantName = "[No Variations]"
Add component (AddParameter): Name = "Contributor"; Value = "LCSC"; VariantName = "[No Variations]"
Add component (AddParameter): Name = "spicePre"; Value = "U"; VariantName = "[No Variations]"
Add component (AddParameter): Name = "spiceSymbolName"; Value = "TYPE-C-31-M-16"; VariantName = "[No Variations]"
Added Pin To Net: NetName=PGND Pin=C3-2
Added Pin To Net: NetName=PGND Pin=C4-2
Added Pin To Net: NetName=PGND Pin=C5-1
Added Pin To Net: NetName=PGND Pin=C6-1
Added Pin To Net: NetName=VBUS1 Pin=C8-1
Added Pin To Net: NetName=GND Pin=C8-2
Added Pin To Net: NetName=GND Pin=C15-1
Added Pin To Net: NetName=PGND Pin=C15-2
Added Pin To Net: NetName=GND Pin=C16-1
Added Pin To Net: NetName=PGND Pin=C16-2
Added Pin To Net: NetName=3.3V Pin=L1-1
Added Pin To Net: NetName=3.3V Pin=L2-2
Added Pin To Net: NetName=3.3V Pin=L3-2
Added Pin To Net: NetName=3.3V Pin=L4-1
Added Pin To Net: NetName=PGND Pin=P1-4
Added Pin To Net: NetName=GND Pin=Q1-1
Added Pin To Net: NetName=GND Pin=Q2-3
Added Pin To Net: NetName=GND Pin=Q4-1
Added Pin To Net: NetName=GND Pin=Q5-1
Added Pin To Net: NetName=PGND Pin=R4-1
Added Pin To Net: NetName=PGND Pin=R6-1
Added Pin To Net: NetName=GND Pin=R7-1
Added Pin To Net: NetName=GND Pin=R8-1
Added Pin To Net: NetName=GND Pin=R8-2
Added Pin To Net: NetName=GND Pin=R9-2
Added Pin To Net: NetName=NetQ2_1 Pin=R10-1
Added Pin To Net: NetName=GND Pin=R15-2
Added Pin To Net: NetName=GND Pin=R17-2
Added Pin To Net: NetName=GND Pin=R20-2
Added Pin To Net: NetName=PGND Pin=R25-2
Added Pin To Net: NetName=PGND Pin=R27-2
Added Pin To Net: NetName=3.3V Pin=RED2-1
Added Pin To Net: NetName=PGND Pin=SW1-2
Added Pin To Net: NetName=PGND Pin=SW1-4
Added Pin To Net: NetName=PGND Pin=U3-15
Added Pin To Net: NetName=PGND Pin=U3-38
Added Pin To Net: NetName=PGND Pin=U3-39
Added Pin To Net: NetName=PGND Pin=U4-1
Added Pin To Net: NetName=GND Pin=USB1-1
Added Pin To Net: NetName=GND Pin=USB1-2
Added Pin To Net: NetName=GND Pin=USB1-3
Added Pin To Net: NetName=GND Pin=USB1-4
Added Pin To Net: NetName=VBUS1 Pin=USB1-A9
Added Pin To Net: NetName=GND Pin=USB1-A12
Added Pin To Net: NetName=VBUS1 Pin=USB1-B9
Added Pin To Net: NetName=GND Pin=USB1-B12
Change Net Name : Old Net Name=NetC1_1 New Net Name=NetC3_1
Change Net Name : Old Net Name=NetC3_1 New Net Name=NetC4_1
Change Net Name : Old Net Name=NetC9_1 New Net Name=NetC10_1
Change Net Name : Old Net Name=NetC9_2 New Net Name=NetC10_2
Change Net Name : Old Net Name=NetC10_2 New Net Name=NetC11_2
Change Net Name : Old Net Name=NetC11_2 New Net Name=NetC12_2
Change Net Name : Old Net Name=NetC15_2 New Net Name=NetC6_2
Change Net Name : Old Net Name=NetJ2_1 New Net Name=NetJ3_1
Change Net Name : Old Net Name=NetQ5_1 New Net Name=NetQ3_1
Change Net Name : Old Net Name=NetR6_2 New Net Name=NetR18_2
Change Net Name : Old Net Name=NetR10_1 New Net Name=NetR25_1
Change Net Name : Old Net Name=NetR17_1 New Net Name=NetR23_1
Change Net Name : Old Net Name=NetR19_1 New Net Name=NetR21_1
Change Net Name : Old Net Name=NetU1_3 New Net Name=NetU2_3
Change Net Name : Old Net Name=NetU1_4 New Net Name=NetU2_4
Change Net Name : Old Net Name=NetU1_5 New Net Name=NetU2_5
Change Net Name : Old Net Name=NetU1_6 New Net Name=NetU2_6
Change Net Name : Old Net Name=NetU1_7 New Net Name=NetU2_7
Change Net Name : Old Net Name=NetU1_11 New Net Name=NetU2_11
Change Net Name : Old Net Name=NetU2_29 New Net Name=NetU1_3
Change Net Name : Old Net Name=NetU2_30 New Net Name=NetU1_4
Change Net Name : Old Net Name=NetU2_33 New Net Name=NetU3_33
Change Net Name : Old Net Name=NetU2_36 New Net Name=NetU3_36
Change Net Name : Old Net Name=NetU2_37 New Net Name=NetU3_37
Added Pin To Net: NetName=NetC1_2 Pin=C1-2
Added Pin To Net: NetName=NetC1_2 Pin=L2-1
Added Pin To Net: NetName=NetC1_2 Pin=U3-2
Added Net: Name=NetC1_2
Added Pin To Net: NetName=NetC2_2 Pin=C2-2
Added Pin To Net: NetName=NetC2_2 Pin=L1-2
Added Pin To Net: NetName=NetC2_2 Pin=U2-12
Added Net: Name=NetC2_2
Added Pin To Net: NetName=NetC5_2 Pin=C5-2
Added Pin To Net: NetName=NetC5_2 Pin=SW1-5
Added Pin To Net: NetName=NetC5_2 Pin=U3-14
Added Net: Name=NetC5_2
Added Pin To Net: NetName=NetC7_1 Pin=C7-1
Added Pin To Net: NetName=NetC7_1 Pin=L3-1
Added Pin To Net: NetName=NetC7_1 Pin=U4-4
Added Net: Name=NetC7_1
Added Pin To Net: NetName=NetC9_1 Pin=C9-1
Added Pin To Net: NetName=NetC9_1 Pin=L4-2
Added Pin To Net: NetName=NetC9_1 Pin=U5-1
Added Net: Name=NetC9_1
Added Pin To Net: NetName=NetJ4_1 Pin=R12-1
Added Pin To Net: NetName=NetJ4_1 Pin=R13-1
Added Pin To Net: NetName=NetJ4_1 Pin=R14-1
Added Net: Name=NetJ4_1
Added Pin To Net: NetName=NetR10_2 Pin=R10-2
Added Pin To Net: NetName=NetR10_2 Pin=U3-28
Added Net: Name=NetR10_2
Added Pin To Net: NetName=NetR12_2 Pin=R12-2
Added Pin To Net: NetName=NetR12_2 Pin=U3-31
Added Net: Name=NetR12_2
Added Pin To Net: NetName=NetR20_1 Pin=R20-1
Added Pin To Net: NetName=NetR20_1 Pin=U5-10
Added Net: Name=NetR20_1
Added Pin To Net: NetName=NetR27_1 Pin=R27-1
Added Pin To Net: NetName=NetR27_1 Pin=RED2-2
Added Net: Name=NetR27_1
Added Pin To Net: NetName=NetU5_6 Pin=U5-6
Added Pin To Net: NetName=NetU5_6 Pin=USB1-B5
Added Net: Name=NetU5_6
Added Pin To Net: NetName=NetU5_7 Pin=U5-7
Added Pin To Net: NetName=NetU5_7 Pin=USB1-A5
Added Net: Name=NetU5_7
Added Member To Class: ClassName=heading_table Member=Component C7 100nf/16V/0603
Added Member To Class: ClassName=heading_table Member=Component C8 CAP+_47UF_FIRE
Added Member To Class: ClassName=heading_table Member=Component J1 1_DIP
Added Member To Class: ClassName=heading_table Member=Component J2 1_DIP
Added Member To Class: ClassName=heading_table Member=Component J3 1_DIP
Added Member To Class: ClassName=heading_table Member=Component J4 1_DIP
Added Member To Class: ClassName=heading_table Member=Component J5 1_DIP
Added Member To Class: ClassName=heading_table Member=Component J6 1_DIP
Added Member To Class: ClassName=heading_table Member=Component J7 1_DIP
Added Member To Class: ClassName=heading_table Member=Component J8 1_DIP
Added Member To Class: ClassName=heading_table Member=Component J9 1_DIP
Added Member To Class: ClassName=heading_table Member=Component J10 1_DIP
Added Member To Class: ClassName=heading_table Member=Component J11 1_DIP
Added Member To Class: ClassName=heading_table Member=Component J12 1_DIP
Added Member To Class: ClassName=heading_table Member=Component J13 1_DIP
Added Member To Class: ClassName=heading_table Member=Component L2 L0603
Added Member To Class: ClassName=heading_table Member=Component L3 L0603
Added Member To Class: ClassName=heading_table Member=Component L4 L0603
Added Member To Class: ClassName=heading_table Member=Component L5 6.8uH
Added Member To Class: ClassName=heading_table Member=Component R12 R0603
Added Member To Class: ClassName=heading_table Member=Component R14 R0603
Added Member To Class: ClassName=heading_table Member=Component R25 R0603
Added Member To Class: ClassName=heading_table Member=Component R26 R0603
Added Member To Class: ClassName=heading_table Member=Component RED2 LED-0603_R
Added Member To Class: ClassName=heading_table Member=Component USB1 TYPE-C-31-M-16
Added Room: Name=heading_table
