Removed Pin From Net: NetName=3.3V Pin=R15-2
Removed Pin From Net: NetName=VBUS1 Pin=R19-2
Removed Pin From Net: NetName=VBUS1 Pin=R20-2
Removed Pin From Net: NetName=VBUS1 Pin=RED1-1
Removed Pin From Net: NetName=VBUS1 Pin=USBC1-A4
Removed Pin From Net: NetName=VBUS1 Pin=USBC1-A9
Removed Pin From Net: NetName=VBUS1 Pin=USBC1-B4
Removed Pin From Net: NetName=VBUS1 Pin=USBC1-B9
Change Component Footprint: Designator=BEEP1 Old Footprint=BEEP-9.5X5.5 New Footprint=BUZ-TH_BD12.0-P7.60-D0.6-FD
Change Component Footprint: Designator=L1 Old Footprint=IND-SMD_L10.0-W9.0 New Footprint=IND-SMD_L4.0-W4.0
Change Component Comment : Designator=C2 Old Comment=C0603 New Comment=100nf
Change Component Comment : Designator=C6 Old Comment=C0603 New Comment=100nf
Change component parameters: Designator = "RED1"; Footprint = "LED0603_RED"; UniqueID = "\JUYYYPAS"
Change component parameters. Clean all parameters for all variants
Change component parameters (AddParameter): Name = "BOM_Manufacturer"; Value = "EVERLIGHT(台湾亿光)"; VariantName = "[No Variations]"
Change component parameters (AddParameter): Name = "BOM_Manufacturer Part"; Value = "19-217/R6C-AL1M2VY/3T"; VariantName = "[No Variations]"
Change component parameters (AddParameter): Name = "BOM_Supplier"; Value = "LCSC"; VariantName = "[No Variations]"
Change component parameters (AddParameter): Name = "BOM_Supplier Part"; Value = "C72044"; VariantName = "[No Variations]"
Change component parameters (AddParameter): Name = "Contributor"; Value = "LCEDA_01"; VariantName = "[No Variations]"
Change component parameters (AddParameter): Name = "link"; Value = ""; VariantName = "[No Variations]"
Change component parameters (AddParameter): Name = "spicePre"; Value = "L"; VariantName = "[No Variations]"
Change component parameters (AddParameter): Name = "spiceSymbolName"; Value = "LED-0603_R"; VariantName = "[No Variations]"
Change component parameters: Designator = "RED2"; Footprint = "LED0603_RED"; UniqueID = "\TUMKUVQN"
Change component parameters. Clean all parameters for all variants
Change component parameters (AddParameter): Name = "BOM_Manufacturer"; Value = "EVERLIGHT(台湾亿光)"; VariantName = "[No Variations]"
Change component parameters (AddParameter): Name = "BOM_Manufacturer Part"; Value = "19-217/R6C-AL1M2VY/3T"; VariantName = "[No Variations]"
Change component parameters (AddParameter): Name = "BOM_Supplier"; Value = "LCSC"; VariantName = "[No Variations]"
Change component parameters (AddParameter): Name = "BOM_Supplier Part"; Value = "C72044"; VariantName = "[No Variations]"
Change component parameters (AddParameter): Name = "Contributor"; Value = "LCEDA_01"; VariantName = "[No Variations]"
Change component parameters (AddParameter): Name = "link"; Value = ""; VariantName = "[No Variations]"
Change component parameters (AddParameter): Name = "spicePre"; Value = "L"; VariantName = "[No Variations]"
Change component parameters (AddParameter): Name = "spiceSymbolName"; Value = "LED-0603_R"; VariantName = "[No Variations]"
Change component parameters: Designator = "U3"; Footprint = "HDR-TH_4P-P2.54-V-M"; UniqueID = "\BJFYWUSF"
Change component parameters. Clean all parameters for all variants
Change component parameters (AddParameter): Name = "BOM_Manufacturer"; Value = "kinghelm(金航标)"; VariantName = "[No Variations]"
Change component parameters (AddParameter): Name = "BOM_Manufacturer Part"; Value = "KH-2.54PH180-1X4P-L11.5"; VariantName = "[No Variations]"
Change component parameters (AddParameter): Name = "BOM_Supplier"; Value = "LCSC"; VariantName = "[No Variations]"
Change component parameters (AddParameter): Name = "BOM_Supplier Part"; Value = "C2905435"; VariantName = "[No Variations]"
Change component parameters (AddParameter): Name = "Contributor"; Value = "LCSC"; VariantName = "[No Variations]"
Change component parameters (AddParameter): Name = "spicePre"; Value = "H"; VariantName = "[No Variations]"
Change component parameters (AddParameter): Name = "spiceSymbolName"; Value = "KH-2.54PH180-1X4P-L11.5"; VariantName = "[No Variations]"
Change component parameters: Designator = "U7"; Footprint = "ESSOP10-EP"; UniqueID = "\RDEBGMIQ"
Change component parameters. Clean all parameters for all variants
Change component parameters (AddParameter): Name = "BOM_Manufacturer"; Value = "南京沁恒微电子"; VariantName = "[No Variations]"
Change component parameters (AddParameter): Name = "BOM_Manufacturer Part"; Value = ""; VariantName = "[No Variations]"
Change component parameters (AddParameter): Name = "BOM_Supplier"; Value = ""; VariantName = "[No Variations]"
Change component parameters (AddParameter): Name = "BOM_Supplier Part"; Value = ""; VariantName = "[No Variations]"
Change component parameters (AddParameter): Name = "Contributor"; Value = "hans_1024"; VariantName = "[No Variations]"
Change component parameters (AddParameter): Name = "link"; Value = ""; VariantName = "[No Variations]"
Change component parameters (AddParameter): Name = "spicePre"; Value = "U"; VariantName = "[No Variations]"
Change component parameters (AddParameter): Name = "spiceSymbolName"; Value = "CH224K"; VariantName = "[No Variations]"
Added Component: Designator=C15(C0402)
Add component. Clean all parameters for all variants
Add component (AddParameter): Name = "Assembly"; Value = ""; VariantName = "[No Variations]"
Add component (AddParameter): Name = "Cost"; Value = ""; VariantName = "[No Variations]"
Add component (AddParameter): Name = "Geometry.Height"; Value = ""; VariantName = "[No Variations]"
Add component (AddParameter): Name = "Manufacture 1"; Value = ""; VariantName = "[No Variations]"
Add component (AddParameter): Name = "Manufacture 1 P/N"; Value = ""; VariantName = "[No Variations]"
Add component (AddParameter): Name = "Package"; Value = ""; VariantName = "[No Variations]"
Add component (AddParameter): Name = "PCB DECAL"; Value = "CAP_0603_FIRE"; VariantName = "[No Variations]"
Add component (AddParameter): Name = "Serial Number"; Value = ""; VariantName = "[No Variations]"
Add component (AddParameter): Name = "Tolerance"; Value = ""; VariantName = "[No Variations]"
Add component (AddParameter): Name = "Value"; Value = "0.1UF"; VariantName = "[No Variations]"
Added Component: Designator=C16(CAP-TH_BD10.0-P5.00-D1.0-FD)
Add component. Clean all parameters for all variants
Add component (AddParameter): Name = "Assembly"; Value = ""; VariantName = "[No Variations]"
Add component (AddParameter): Name = "Cost"; Value = ""; VariantName = "[No Variations]"
Add component (AddParameter): Name = "Geometry.Height"; Value = ""; VariantName = "[No Variations]"
Add component (AddParameter): Name = "Manufacture 1"; Value = ""; VariantName = "[No Variations]"
Add component (AddParameter): Name = "Manufacture 1 P/N"; Value = ""; VariantName = "[No Variations]"
Add component (AddParameter): Name = "Package"; Value = ""; VariantName = "[No Variations]"
Add component (AddParameter): Name = "PCB DECAL"; Value = "CAP+_47UF_FIRE"; VariantName = "[No Variations]"
Add component (AddParameter): Name = "Serial Number"; Value = ""; VariantName = "[No Variations]"
Add component (AddParameter): Name = "Tolerance"; Value = ""; VariantName = "[No Variations]"
Added Component: Designator=D2(LED_RED_0603_FIRE)
Add component. Clean all parameters for all variants
Add component (AddParameter): Name = "Cost"; Value = ""; VariantName = "[No Variations]"
Add component (AddParameter): Name = "Geometry.Height"; Value = ""; VariantName = "[No Variations]"
Add component (AddParameter): Name = "Manufacture 1"; Value = ""; VariantName = "[No Variations]"
Add component (AddParameter): Name = "Manufacture 1 P/N"; Value = ""; VariantName = "[No Variations]"
Add component (AddParameter): Name = "PCB DECAL"; Value = "LED_RED_0603_FIRE"; VariantName = "[No Variations]"
Add component (AddParameter): Name = "Serial Number"; Value = ""; VariantName = "[No Variations]"
Add component (AddParameter): Name = "Tolerance"; Value = ""; VariantName = "[No Variations]"
Add component (AddParameter): Name = "Value"; Value = "RED"; VariantName = "[No Variations]"
Added Component: Designator=F1(C1812)
Add component. Clean all parameters for all variants
Add component (AddParameter): Name = "Assembly"; Value = "SMD"; VariantName = "[No Variations]"
Add component (AddParameter): Name = "Cost"; Value = ""; VariantName = "[No Variations]"
Add component (AddParameter): Name = "Geometry.Height"; Value = ""; VariantName = "[No Variations]"
Add component (AddParameter): Name = "Manufacture 1"; Value = ""; VariantName = "[No Variations]"
Add component (AddParameter): Name = "Manufacture 1 P/N"; Value = "FUSE500ma"; VariantName = "[No Variations]"
Add component (AddParameter): Name = "Package"; Value = ""; VariantName = "[No Variations]"
Add component (AddParameter): Name = "PCB DECAL"; Value = "C1812"; VariantName = "[No Variations]"
Add component (AddParameter): Name = "Protel.FootprintDescription"; Value = "Chip Capacitor, 2-Leads, Body 4.6x3.2mm, IP"; VariantName = "[No Variations]"
Add component (AddParameter): Name = "Serial Number"; Value = ""; VariantName = "[No Variations]"
Add component (AddParameter): Name = "Tolerance"; Value = ""; VariantName = "[No Variations]"
Add component (AddParameter): Name = "Value"; Value = "FUSE500ma"; VariantName = "[No Variations]"
Added Component: Designator=K1(SW6.2/6.2-SMD)
Add component. Clean all parameters for all variants
Add component (AddParameter): Name = "Manufacturer #1"; Value = ""; VariantName = "[No Variations]"
Add component (AddParameter): Name = "Manufacturer #1 PN"; Value = "KEY"; VariantName = "[No Variations]"
Add component (AddParameter): Name = "PCB DECAL"; Value = "SW6.2/6.2-SMD"; VariantName = "[No Variations]"
Add component (AddParameter): Name = "Tolerance"; Value = ""; VariantName = "[No Variations]"
Add component (AddParameter): Name = "Value"; Value = ""; VariantName = "[No Variations]"
Added Component: Designator=K2(SW6.2/6.2-SMD)
Add component. Clean all parameters for all variants
Add component (AddParameter): Name = "Manufacturer #1"; Value = ""; VariantName = "[No Variations]"
Add component (AddParameter): Name = "Manufacturer #1 PN"; Value = "KEY"; VariantName = "[No Variations]"
Add component (AddParameter): Name = "PCB DECAL"; Value = "SW6.2/6.2-SMD"; VariantName = "[No Variations]"
Add component (AddParameter): Name = "Tolerance"; Value = ""; VariantName = "[No Variations]"
Add component (AddParameter): Name = "Value"; Value = ""; VariantName = "[No Variations]"
Added Component: Designator=R21(R0402)
Add component. Clean all parameters for all variants
Added Component: Designator=R22(R0402)
Add component. Clean all parameters for all variants
Added Component: Designator=R23(R0402)
Add component. Clean all parameters for all variants
Added Component: Designator=R24(R0402)
Add component. Clean all parameters for all variants
Added Component: Designator=R25(R0402)
Add component. Clean all parameters for all variants
Add component (AddParameter): Name = "Value"; Value = "22R"; VariantName = "[No Variations]"
Added Component: Designator=R26(R0402)
Add component. Clean all parameters for all variants
Add component (AddParameter): Name = "Value"; Value = "22R"; VariantName = "[No Variations]"
Added Component: Designator=R27(R_0603)
Add component. Clean all parameters for all variants
Add component (AddParameter): Name = "PCB DECAL"; Value = "R_0603"; VariantName = "[No Variations]"
Add component (AddParameter): Name = "Value"; Value = "0R/NC"; VariantName = "[No Variations]"
Added Component: Designator=R28(R0805)
Add component. Clean all parameters for all variants
Add component (AddParameter): Name = "PCB DECAL"; Value = "R_0603"; VariantName = "[No Variations]"
Add component (AddParameter): Name = "Value"; Value = "50K"; VariantName = "[No Variations]"
Added Component: Designator=VT1(SOT-23)
Add component. Clean all parameters for all variants
Added Component: Designator=VT2(SOT-23)
Add component. Clean all parameters for all variants
Added Pin To Net: NetName=GND Pin=C16-2
Added Pin To Net: NetName=3.3V Pin=D2-A
Added Pin To Net: NetName=3.3V Pin=F1-2
Added Pin To Net: NetName=GND Pin=R23-1
Added Pin To Net: NetName=GND Pin=R24-1
Added Pin To Net: NetName=NetR11_1 Pin=R27-1
Added Pin To Net: NetName=3.3V Pin=R27-2
Added Pin To Net: NetName=GND Pin=R28-2
Change Net Name : Old Net Name=VBUS1 New Net Name=NetC10_2
Added Pin To Net: NetName=NetC15_2 Pin=C15-2
Added Pin To Net: NetName=NetC15_2 Pin=K1-3
Added Pin To Net: NetName=NetC15_2 Pin=K1-4
Added Pin To Net: NetName=NetC15_2 Pin=R22-1
Added Pin To Net: NetName=NetC15_2 Pin=U2-3
Added Pin To Net: NetName=NetC15_2 Pin=VT1-3
Added Net: Name=NetC15_2
Added Pin To Net: NetName=NetD2_K Pin=D2-K
Added Pin To Net: NetName=NetD2_K Pin=R28-1
Added Net: Name=NetD2_K
Added Pin To Net: NetName=NetF1_1 Pin=F1-1
Added Pin To Net: NetName=NetF1_1 Pin=R15-2
Added Net: Name=NetF1_1
Added Pin To Net: NetName=NetK1_1 Pin=K1-1
Added Pin To Net: NetName=NetK1_1 Pin=K1-2
Added Pin To Net: NetName=NetK1_1 Pin=R23-2
Added Net: Name=NetK1_1
Added Pin To Net: NetName=NetK2_1 Pin=K2-1
Added Pin To Net: NetName=NetK2_1 Pin=K2-2
Added Pin To Net: NetName=NetK2_1 Pin=R24-2
Added Net: Name=NetK2_1
Added Pin To Net: NetName=NetK2_3 Pin=K2-3
Added Pin To Net: NetName=NetK2_3 Pin=K2-4
Added Pin To Net: NetName=NetK2_3 Pin=R21-1
Added Pin To Net: NetName=NetK2_3 Pin=VT2-3
Added Net: Name=NetK2_3
Added Pin To Net: NetName=NetR25_1 Pin=R25-1
Added Pin To Net: NetName=NetR25_1 Pin=U5-13
Added Pin To Net: NetName=NetR25_1 Pin=VT2-2
Added Net: Name=NetR25_1
Added Pin To Net: NetName=NetR25_2 Pin=R25-2
Added Pin To Net: NetName=NetR25_2 Pin=VT1-1
Added Net: Name=NetR25_2
Added Pin To Net: NetName=NetR26_1 Pin=R26-1
Added Pin To Net: NetName=NetR26_1 Pin=U5-14
Added Pin To Net: NetName=NetR26_1 Pin=VT1-2
Added Net: Name=NetR26_1
Added Pin To Net: NetName=NetR26_2 Pin=R26-2
Added Pin To Net: NetName=NetR26_2 Pin=VT2-1
Added Net: Name=NetR26_2
Added Pin To Net: NetName=V3.3 Pin=R21-2
Added Pin To Net: NetName=V3.3 Pin=R22-2
Added Net: Name=V3.3
Added Pin To Net: NetName=VBUS1 Pin=C12-1
Added Pin To Net: NetName=VBUS1 Pin=C16-1
Added Pin To Net: NetName=VBUS1 Pin=R17-2
Added Pin To Net: NetName=VBUS1 Pin=R19-2
Added Pin To Net: NetName=VBUS1 Pin=R20-2
Added Pin To Net: NetName=VBUS1 Pin=RED1-1
Added Pin To Net: NetName=VBUS1 Pin=U6-5
Added Pin To Net: NetName=VBUS1 Pin=USBC1-A4
Added Pin To Net: NetName=VBUS1 Pin=USBC1-A9
Added Pin To Net: NetName=VBUS1 Pin=USBC1-B4
Added Pin To Net: NetName=VBUS1 Pin=USBC1-B9
Added Net: Name=VBUS1
Added Member To Class: ClassName=heading_table Member=Component C15 C0402
Added Member To Class: ClassName=heading_table Member=Component C16 CAP+_47UF_FIRE
Added Member To Class: ClassName=heading_table Member=Component D2 LED_RED_0603_FIRE
Added Member To Class: ClassName=heading_table Member=Component F1 FUSE500MA
Added Member To Class: ClassName=heading_table Member=Component K1 KEY
Added Member To Class: ClassName=heading_table Member=Component K2 KEY
Added Member To Class: ClassName=heading_table Member=Component R21 R0402
Added Member To Class: ClassName=heading_table Member=Component R22 R0402
Added Member To Class: ClassName=heading_table Member=Component R23 R0402
Added Member To Class: ClassName=heading_table Member=Component R24 R0402
Added Member To Class: ClassName=heading_table Member=Component R25 12K
Added Member To Class: ClassName=heading_table Member=Component R26 12K
Added Member To Class: ClassName=heading_table Member=Component R27 R0603
Added Member To Class: ClassName=heading_table Member=Component R28 R0603
Added Member To Class: ClassName=heading_table Member=Component VT1 S8050
Added Member To Class: ClassName=heading_table Member=Component VT2 S8050
Added Room: Name=heading_table
